\BOOKMARK [0][-]{section*.2}{\376\377\000T\000\363\000m\000\040\000t\036\257\000t\000\040\000n\036\331\000i\000\040\000d\000u\000n\000g}{}% 1
\BOOKMARK [0][-]{chapter*.5}{\376\377\000L\036\335\000i\000\040\000n\000\363\000i\000\040\001\021\036\247\000u}{}% 2
\BOOKMARK [0][-]{chapter.6}{\376\377\000K\000i\036\277\000n\000\040\000t\000h\036\351\000c\000\040\000c\000h\000u\036\251\000n\000\040\000b\036\313}{}% 3
\BOOKMARK [1][-]{section.7}{\376\377\000K\000h\000\364\000n\000g\000\040\000g\000i\000a\000n\000\040\000H\000i\000l\000b\000e\000r\000t}{chapter.6}% 4
\BOOKMARK [1][-]{section.10}{\376\377\000B\000\340\000i\000\040\000t\000o\000\341\000n\000\040\000y\036\277\000u\000\040\000t\000r\000o\000n\000g\000\040\000k\000h\000\364\000n\000g\000\040\000g\000i\000a\000n\000\040\000H\000i\000l\000b\000e\000r\000t}{chapter.6}% 5
\BOOKMARK [0][-]{chapter.18}{\376\377\000G\000i\036\243\000i\000\040\000b\000\340\000i\000\040\000t\000o\000\341\000n\000\040\000b\000i\036\277\000n\000\040\000d\036\241\000n\000g\000\040\001\021\000\340\000n\000\040\000h\036\323\000i\000\040\000b\036\261\000n\000g\000\040\000p\000h\001\260\001\241\000n\000g\000\040\000p\000h\000\341\000p\000\040\000p\000h\036\247\000n\000\040\000t\036\355\000\040\000h\036\357\000u\000\040\000h\036\241\000n}{}% 6
\BOOKMARK [1][-]{section.19}{\376\377\000P\000h\001\260\001\241\000n\000g\000\040\000t\000r\000\354\000n\000h\000\040\001\021\000\340\000n\000\040\000h\036\323\000i}{chapter.18}% 7
\BOOKMARK [1][-]{section.26}{\376\377\000C\000\364\000n\000g\000\040\000t\000h\036\351\000c\000\040\000b\000i\036\277\000n\000\040\000p\000h\000\342\000n}{chapter.18}% 8
\BOOKMARK [1][-]{section.28}{\376\377\000B\000\340\000i\000\040\000t\000o\000\341\000n\000\040\000r\036\335\000i\000\040\000r\036\241\000c\000\040\000c\036\347\000a\000\040\000b\000\340\000i\000\040\000t\000o\000\341\000n}{chapter.18}% 9
\BOOKMARK [1][-]{section.30}{\376\377\000H\036\307\000\040\000p\000h\001\260\001\241\000n\000g\000\040\000t\000r\000\354\000n\000h\000\040\000t\000u\000y\036\277\000n\000\040\000t\000\355\000n\000h}{chapter.18}% 10
\BOOKMARK [1][-]{section.32}{\376\377\000C\000\341\000c\000\040\000v\000\355\000\040\000d\036\345\000\040\000m\000\364\000\040\000p\000h\036\317\000n\000g\000\040\000s\036\321}{chapter.18}% 11
\BOOKMARK [2][-]{subsection.33}{\376\377\000T\000h\036\351\000\040\000n\000g\000u\000y\000\352\000n}{section.32}% 12
\BOOKMARK [2][-]{subsection.34}{\376\377\000M\000\364\000\040\000p\000h\036\317\000n\000g\000\040\000t\000h\000\355\000\040\000n\000g\000h\000i\036\307\000m\000\040\000v\036\333\000i\000\040\000l\036\361\000c\000\040\000k\000\351\000o}{section.32}% 13
\BOOKMARK [2][-]{subsection.39}{\376\377\000M\000\364\000\040\000p\000h\036\317\000n\000g\000\040\000t\000h\000\355\000\040\000n\000g\000h\000i\036\307\000m\000\040\000v\036\333\000i\000\040\000l\036\361\000c\000\040\000n\000\351\000n}{section.32}% 14
\BOOKMARK [2][-]{subsection.45}{\376\377\000M\000\364\000\040\000p\000h\036\317\000n\000g\000\040\000t\000h\000\355\000\040\000n\000g\000h\000i\036\307\000m\000\040\000v\036\333\000i\000\040\000\341\000p\000\040\000s\000u\036\245\000t}{section.32}% 15
\BOOKMARK [1][-]{section.52}{\376\377\000K\036\277\000t\000\040\000l\000u\036\255\000n}{chapter.18}% 16
\BOOKMARK [0][-]{chapter.53}{\376\377\036\350\000n\000g\000\040\000d\036\345\000n\000g\000\040\000t\000r\000o\000n\000g\000\040\000c\000\364\000n\000g\000\040\000n\000g\000h\000i\036\307\000p\000\040\000v\036\255\000t\000\040\000l\000i\036\307\000u}{}% 17
\BOOKMARK [1][-]{section.54}{\376\377\036\350\000n\000g\000\040\000d\036\345\000n\000g\000\040\000t\000r\000o\000n\000g\000\040\000b\000\340\000i\000\040\000t\000o\000\341\000n\000\040\000t\036\321\000i\000\040\001\260\000u\000\040\000d\036\241\000n\000g}{chapter.53}% 18
\BOOKMARK [2][-]{subsection.55}{\376\377\000B\000\340\000i\000\040\000t\000o\000\341\000n\000\040\000t\036\321\000i\000\040\001\260\000u\000\040\000d\036\241\000n\000g}{section.54}% 19
\BOOKMARK [2][-]{subsection.66}{\376\377\000C\000\341\000c\000\040\000v\000\355\000\040\000d\036\345\000\040\000m\000\364\000\040\000p\000h\036\317\000n\000g\000\040\000s\036\321}{section.54}% 20
\BOOKMARK [1][-]{section.67}{\376\377\000K\036\277\000t\000\040\000l\000u\036\255\000n}{chapter.53}% 21
