This is pdfTeX, Version 3.14159265-2.6-1.40.20 (MiKTeX 2.9.7000 64-bit) (preloaded format=pdflatex 2019.4.19)  4 OCT 2019 07:42
entering extended mode
**./Introduction.tex
(Introduction.tex
LaTeX2e <2018-12-01>
! Undefined control sequence.
l.1 \chapter
            *{\centering L·ªùi n√≥i ƒë·∫ßu}
The control sequence at the end of the top line
of your error message was never \def'ed. If you have
misspelled it (e.g., `\hobx'), type `I' and the correct
spelling (e.g., `I\hbox'). Otherwise just continue,
and I'll forget about whatever was undefined.


! LaTeX Error: Missing \begin{document}.

See the LaTeX manual or LaTeX Companion for explanation.
Type  H <return>  for immediate help.
 ...                                              
                                                  
l.1 \chapter*
             {\centering L·ªùi n√≥i ƒë·∫ßu}
You're in trouble here.  Try typing  <return>  to proceed.
If that doesn't work, type  X <return>  to quit.

Missing character: There is no * in font nullfont!
Missing character: There is no L in font nullfont!

! Package inputenc Error: Unicode character ·ªù (U+1EDD)
(inputenc)                not set up for use with LaTeX.

See the inputenc package documentation for explanation.
Type  H <return>  for immediate help.
 ...                                              
                                                  
l.1 \chapter*{\centering L·ªù
                             i n√≥i ƒë·∫ßu}
You may provide a definition with
\DeclareUnicodeCharacter 

Missing character: There is no i in font nullfont!
Missing character: There is no n in font nullfont!
LaTeX Font Info:    Try loading font information for +cmr on input line 1.
LaTeX Font Info:    No file cmr.fd. on input line 1.

LaTeX Font Warning: Font shape `/cmr/m/n' undefined
(Font)              using `/cmr/m/n' instead on input line 1.

! Corrupted NFSS tables.
wrong@fontshape ...message {Corrupted NFSS tables}
                                                  error@fontshape else let f...
l.1 \chapter*{\centering L·ªùi n√≥
                                  i ƒë·∫ßu}
This error message was generated by an \errmessage
command, so I can't give any explicit help.
Pretend that you're Hercule Poirot: Examine all clues,
and deduce the truth by order and method.


LaTeX Font Warning: Font shape `/cmr/m/n' undefined
(Font)              using `OT1/cmr/m/n' instead on input line 1.

Missing character: There is no i in font nullfont!

! LaTeX Error: Command \dj unavailable in encoding .

See the LaTeX manual or LaTeX Companion for explanation.
Type  H <return>  for immediate help.
 ...                                              
                                                  
l.1 \chapter*{\centering L·ªùi n√≥i ƒë
                                      ·∫ßu}
Your command was ignored.
Type  I <command> <return>  to replace it with another command,
or  <return>  to continue without it.


! Package inputenc Error: Unicode character ·∫ß (U+1EA7)
(inputenc)                not set up for use with LaTeX.

See the inputenc package documentation for explanation.
Type  H <return>  for immediate help.
 ...                                              
                                                  
l.1 \chapter*{\centering L·ªùi n√≥i ƒë·∫ß
                                         u}
You may provide a definition with
\DeclareUnicodeCharacter 

Missing character: There is no u in font nullfont!
! Undefined control sequence.
l.2 \addstarredchapter
                      {L·ªùi n√≥i ƒë·∫ßu}
The control sequence at the end of the top line
of your error message was never \def'ed. If you have
misspelled it (e.g., `\hobx'), type `I' and the correct
spelling (e.g., `I\hbox'). Otherwise just continue,
and I'll forget about whatever was undefined.

Missing character: There is no L in font nullfont!

! Package inputenc Error: Unicode character ·ªù (U+1EDD)
(inputenc)                not set up for use with LaTeX.

See the inputenc package documentation for explanation.
Type  H <return>  for immediate help.
 ...                                              
                                                  
l.2 \addstarredchapter{L·ªù
                           i n√≥i ƒë·∫ßu}
You may provide a definition with
\DeclareUnicodeCharacter 

Missing character: There is no i in font nullfont!
Missing character: There is no n in font nullfont!
Missing character: There is no i in font nullfont!

! LaTeX Error: Command \dj unavailable in encoding .

See the LaTeX manual or LaTeX Companion for explanation.
Type  H <return>  for immediate help.
 ...                                              
                                                  
l.2 \addstarredchapter{L·ªùi n√≥i ƒë
                                    ·∫ßu}
Your command was ignored.
Type  I <command> <return>  to replace it with another command,
or  <return>  to continue without it.


! Package inputenc Error: Unicode character ·∫ß (U+1EA7)
(inputenc)                not set up for use with LaTeX.

See the inputenc package documentation for explanation.
Type  H <return>  for immediate help.
 ...                                              
                                                  
l.2 \addstarredchapter{L·ªùi n√≥i ƒë·∫ß
                                       u}
You may provide a definition with
\DeclareUnicodeCharacter 

Missing character: There is no u in font nullfont!
Missing character: There is no B in font nullfont!
Missing character: There is no i in font nullfont!
Missing character: There is no t in font nullfont!
Missing character: There is no o in font nullfont!
Missing character: There is no n in font nullfont!
Missing character: There is no b in font nullfont!
Missing character: There is no i in font nullfont!

! Package inputenc Error: Unicode character ·∫ø (U+1EBF)
(inputenc)                not set up for use with LaTeX.

See the inputenc package documentation for explanation.
Type  H <return>  for immediate help.
 ...                                              
                                                  
l.3 B√†i to√°n bi·∫ø
                    n d·∫°ng ƒë√†n h·ªìi c√≥ ·ª©ng d·ª•ng r·ªông r√£i trong ...

You may provide a definition with
\DeclareUnicodeCharacter 

Missing character: There is no n in font nullfont!
Missing character: There is no d in font nullfont!

! Package inputenc Error: Unicode character ·∫° (U+1EA1)
(inputenc)                not set up for use with LaTeX.

See the inputenc package documentation for explanation.
Type  H <return>  for immediate help.
 ...                                              
                                                  
l.3 B√†i to√°n bi·∫øn d·∫°
                          ng ƒë√†n h·ªìi c√≥ ·ª©ng d·ª•ng r·ªông r√£i trong ...

You may provide a definition with
\DeclareUnicodeCharacter 

Missing character: There is no n in font nullfont!
Missing character: There is no g in font nullfont!

! LaTeX Error: Command \dj unavailable in encoding .

See the LaTeX manual or LaTeX Companion for explanation.
Type  H <return>  for immediate help.
 ...                                              
                                                  
l.3 B√†i to√°n bi·∫øn d·∫°ng ƒë
                               √†n h·ªìi c√≥ ·ª©ng d·ª•ng r·ªông r√£i trong ...

Your command was ignored.
Type  I <command> <return>  to replace it with another command,
or  <return>  to continue without it.

Missing character: There is no n in font nullfont!
Missing character: There is no h in font nullfont!

! Package inputenc Error: Unicode character ·ªì (U+1ED3)
(inputenc)                not set up for use with LaTeX.

See the inputenc package documentation for explanation.
Type  H <return>  for immediate help.
 ...                                              
                                                  
l.3 B√†i to√°n bi·∫øn d·∫°ng ƒë√†n h·ªì
                                       i c√≥ ·ª©ng d·ª•ng r·ªông r√£i trong ...

You may provide a definition with
\DeclareUnicodeCharacter 

Missing character: There is no i in font nullfont!
Missing character: There is no c in font nullfont!

! Package inputenc Error: Unicode character ·ª© (U+1EE9)
(inputenc)                not set up for use with LaTeX.

See the inputenc package documentation for explanation.
Type  H <return>  for immediate help.
 ...                                              
                                                  
l.3 B√†i to√°n bi·∫øn d·∫°ng ƒë√†n h·ªìi c√≥ ·ª©
                                                ng d·ª•ng r·ªông r√£i trong ...

You may provide a definition with
\DeclareUnicodeCharacter 

Missing character: There is no n in font nullfont!
Missing character: There is no g in font nullfont!
Missing character: There is no d in font nullfont!

! Package inputenc Error: Unicode character ·ª• (U+1EE5)
(inputenc)                not set up for use with LaTeX.

See the inputenc package documentation for explanation.
Type  H <return>  for immediate help.
 ...                                              
                                                  
l.3 ...°n bi·∫øn d·∫°ng ƒë√†n h·ªìi c√≥ ·ª©ng d·ª•
                                                  ng r·ªông r√£i trong c∆° h...

You may provide a definition with
\DeclareUnicodeCharacter 

Missing character: There is no n in font nullfont!
Missing character: There is no g in font nullfont!
Missing character: There is no r in font nullfont!

! Package inputenc Error: Unicode character ·ªô (U+1ED9)
(inputenc)                not set up for use with LaTeX.

See the inputenc package documentation for explanation.
Type  H <return>  for immediate help.
 ...                                              
                                                  
l.3 ...øn d·∫°ng ƒë√†n h·ªìi c√≥ ·ª©ng d·ª•ng r·ªô
                                                  ng r√£i trong c∆° h·ªçc v·...

You may provide a definition with
\DeclareUnicodeCharacter 

Missing character: There is no n in font nullfont!
Missing character: There is no g in font nullfont!
Missing character: There is no r in font nullfont!
Missing character: There is no i in font nullfont!
Missing character: There is no t in font nullfont!
Missing character: There is no r in font nullfont!
Missing character: There is no o in font nullfont!
Missing character: There is no n in font nullfont!
Missing character: There is no g in font nullfont!
Missing character: There is no c in font nullfont!

! Package inputenc Error: Unicode character ∆° (U+01A1)
(inputenc)                not set up for use with LaTeX.

See the inputenc package documentation for explanation.
Type  H <return>  for immediate help.
 ...                                              
                                                  
l.3 ...·ªìi c√≥ ·ª©ng d·ª•ng r·ªông r√£i trong c∆°
                                                   h·ªçc v·∫≠t li·ªáu ƒë·∫∑c...

You may provide a definition with
\DeclareUnicodeCharacter 

Missing character: There is no h in font nullfont!

! Package inputenc Error: Unicode character ·ªç (U+1ECD)
(inputenc)                not set up for use with LaTeX.

See the inputenc package documentation for explanation.
Type  H <return>  for immediate help.
 ...                                              
                                                  
l.3 ...c√≥ ·ª©ng d·ª•ng r·ªông r√£i trong c∆° h·ªç
                                                  c v·∫≠t li·ªáu ƒë·∫∑c bi·ª...

You may provide a definition with
\DeclareUnicodeCharacter 

Missing character: There is no c in font nullfont!
Missing character: There is no v in font nullfont!

! Package inputenc Error: Unicode character ·∫≠ (U+1EAD)
(inputenc)                not set up for use with LaTeX.

See the inputenc package documentation for explanation.
Type  H <return>  for immediate help.
 ...                                              
                                                  
l.3 ...©ng d·ª•ng r·ªông r√£i trong c∆° h·ªçc v·∫≠
                                                  t li·ªáu ƒë·∫∑c bi·ªát ƒë·...

You may provide a definition with
\DeclareUnicodeCharacter 

Missing character: There is no t in font nullfont!
Missing character: There is no l in font nullfont!
Missing character: There is no i in font nullfont!

! Package inputenc Error: Unicode character ·ªá (U+1EC7)
(inputenc)                not set up for use with LaTeX.

See the inputenc package documentation for explanation.
Type  H <return>  for immediate help.
 ...                                              
                                                  
l.3 ...•ng r·ªông r√£i trong c∆° h·ªçc v·∫≠t li·ªá
                                                  u ƒë·∫∑c bi·ªát ƒë·ªëi v·ª...

You may provide a definition with
\DeclareUnicodeCharacter 

Missing character: There is no u in font nullfont!

! LaTeX Error: Command \dj unavailable in encoding .

See the LaTeX manual or LaTeX Companion for explanation.
Type  H <return>  for immediate help.
 ...                                              
                                                  
l.3 ...r·ªông r√£i trong c∆° h·ªçc v·∫≠t li·ªáu ƒë
                                                  ·∫∑c bi·ªát ƒë·ªëi v·ªõi c...

Your command was ignored.
Type  I <command> <return>  to replace it with another command,
or  <return>  to continue without it.


! Package inputenc Error: Unicode character ·∫∑ (U+1EB7)
(inputenc)                not set up for use with LaTeX.

See the inputenc package documentation for explanation.
Type  H <return>  for immediate help.
 ...                                              
                                                  
l.3 ...ông r√£i trong c∆° h·ªçc v·∫≠t li·ªáu ƒë·∫∑
                                                  c bi·ªát ƒë·ªëi v·ªõi c√°c...

You may provide a definition with
\DeclareUnicodeCharacter 

Missing character: There is no c in font nullfont!
Missing character: There is no b in font nullfont!
Missing character: There is no i in font nullfont!

! Package inputenc Error: Unicode character ·ªá (U+1EC7)
(inputenc)                not set up for use with LaTeX.

See the inputenc package documentation for explanation.
Type  H <return>  for immediate help.
 ...                                              
                                                  
l.3 ...i trong c∆° h·ªçc v·∫≠t li·ªáu ƒë·∫∑c bi·ªá
                                                  t ƒë·ªëi v·ªõi c√°c v·∫•n ...

You may provide a definition with
\DeclareUnicodeCharacter 

Missing character: There is no t in font nullfont!

! LaTeX Error: Command \dj unavailable in encoding .

See the LaTeX manual or LaTeX Companion for explanation.
Type  H <return>  for immediate help.
 ...                                              
                                                  
l.3 ...ong c∆° h·ªçc v·∫≠t li·ªáu ƒë·∫∑c bi·ªát ƒë
                                                  ·ªëi v·ªõi c√°c v·∫•n ƒë·ª...

Your command was ignored.
Type  I <command> <return>  to replace it with another command,
or  <return>  to continue without it.


! Package inputenc Error: Unicode character ·ªë (U+1ED1)
(inputenc)                not set up for use with LaTeX.

See the inputenc package documentation for explanation.
Type  H <return>  for immediate help.
 ...                                              
                                                  
l.3 ... c∆° h·ªçc v·∫≠t li·ªáu ƒë·∫∑c bi·ªát ƒë·ªë
                                                  i v·ªõi c√°c v·∫•n ƒë·ªÅ l...

You may provide a definition with
\DeclareUnicodeCharacter 

Missing character: There is no i in font nullfont!
Missing character: There is no v in font nullfont!

! Package inputenc Error: Unicode character ·ªõ (U+1EDB)
(inputenc)                not set up for use with LaTeX.

See the inputenc package documentation for explanation.
Type  H <return>  for immediate help.
 ...                                              
                                                  
l.3 ...·ªçc v·∫≠t li·ªáu ƒë·∫∑c bi·ªát ƒë·ªëi v·ªõ
                                                  i c√°c v·∫•n ƒë·ªÅ li√™n q...

You may provide a definition with
\DeclareUnicodeCharacter 

Missing character: There is no i in font nullfont!
Missing character: There is no c in font nullfont!
Missing character: There is no c in font nullfont!
Missing character: There is no v in font nullfont!

! Package inputenc Error: Unicode character ·∫• (U+1EA5)
(inputenc)                not set up for use with LaTeX.

See the inputenc package documentation for explanation.
Type  H <return>  for immediate help.
 ...                                              
                                                  
l.3 ...li·ªáu ƒë·∫∑c bi·ªát ƒë·ªëi v·ªõi c√°c v·∫•
                                                  n ƒë·ªÅ li√™n quan ƒë·∫øn ...

You may provide a definition with
\DeclareUnicodeCharacter 

Missing character: There is no n in font nullfont!

! LaTeX Error: Command \dj unavailable in encoding .

See the LaTeX manual or LaTeX Companion for explanation.
Type  H <return>  for immediate help.
 ...                                              
                                                  
l.3 ...áu ƒë·∫∑c bi·ªát ƒë·ªëi v·ªõi c√°c v·∫•n ƒë
                                                  ·ªÅ li√™n quan ƒë·∫øn ƒë·ª...

Your command was ignored.
Type  I <command> <return>  to replace it with another command,
or  <return>  to continue without it.


! Package inputenc Error: Unicode character ·ªÅ (U+1EC1)
(inputenc)                not set up for use with LaTeX.

See the inputenc package documentation for explanation.
Type  H <return>  for immediate help.
 ...                                              
                                                  
l.3 ...ƒë·∫∑c bi·ªát ƒë·ªëi v·ªõi c√°c v·∫•n ƒë·ªÅ
                                                   li√™n quan ƒë·∫øn ƒë·ªô b...

You may provide a definition with
\DeclareUnicodeCharacter 

Missing character: There is no l in font nullfont!
Missing character: There is no i in font nullfont!
Missing character: There is no n in font nullfont!
Missing character: There is no q in font nullfont!
Missing character: There is no u in font nullfont!
Missing character: There is no a in font nullfont!
Missing character: There is no n in font nullfont!

! LaTeX Error: Command \dj unavailable in encoding .

See the LaTeX manual or LaTeX Companion for explanation.
Type  H <return>  for immediate help.
 ...                                              
                                                  
l.3 ...ƒë·ªëi v·ªõi c√°c v·∫•n ƒë·ªÅ li√™n quan ƒë
                                                  ·∫øn ƒë·ªô b·ªÅn, ·ª©ng su...

Your command was ignored.
Type  I <command> <return>  to replace it with another command,
or  <return>  to continue without it.


! Package inputenc Error: Unicode character ·∫ø (U+1EBF)
(inputenc)                not set up for use with LaTeX.

See the inputenc package documentation for explanation.
Type  H <return>  for immediate help.
 ...                                              
                                                  
l.3 ...ªëi v·ªõi c√°c v·∫•n ƒë·ªÅ li√™n quan ƒë·∫ø
                                                  n ƒë·ªô b·ªÅn, ·ª©ng su·∫•...

You may provide a definition with
\DeclareUnicodeCharacter 

Missing character: There is no n in font nullfont!

! LaTeX Error: Command \dj unavailable in encoding .

See the LaTeX manual or LaTeX Companion for explanation.
Type  H <return>  for immediate help.
 ...                                              
                                                  
l.3 ...v·ªõi c√°c v·∫•n ƒë·ªÅ li√™n quan ƒë·∫øn ƒë
                                                  ·ªô b·ªÅn, ·ª©ng su·∫•t v√...

Your command was ignored.
Type  I <command> <return>  to replace it with another command,
or  <return>  to continue without it.


! Package inputenc Error: Unicode character ·ªô (U+1ED9)
(inputenc)                not set up for use with LaTeX.

See the inputenc package documentation for explanation.
Type  H <return>  for immediate help.
 ...                                              
                                                  
l.3 ...õi c√°c v·∫•n ƒë·ªÅ li√™n quan ƒë·∫øn ƒë·ªô
                                                   b·ªÅn, ·ª©ng su·∫•t v√† b...

You may provide a definition with
\DeclareUnicodeCharacter 

Missing character: There is no b in font nullfont!

! Package inputenc Error: Unicode character ·ªÅ (U+1EC1)
(inputenc)                not set up for use with LaTeX.

See the inputenc package documentation for explanation.
Type  H <return>  for immediate help.
 ...                                              
                                                  
l.3 ...°c v·∫•n ƒë·ªÅ li√™n quan ƒë·∫øn ƒë·ªô b·ªÅ
                                                  n, ·ª©ng su·∫•t v√† bi·∫øn...

You may provide a definition with
\DeclareUnicodeCharacter 

Missing character: There is no n in font nullfont!
Missing character: There is no , in font nullfont!

! Package inputenc Error: Unicode character ·ª© (U+1EE9)
(inputenc)                not set up for use with LaTeX.

See the inputenc package documentation for explanation.
Type  H <return>  for immediate help.
 ...                                              
                                                  
l.3 ...•n ƒë·ªÅ li√™n quan ƒë·∫øn ƒë·ªô b·ªÅn, ·ª©
                                                  ng su·∫•t v√† bi·∫øn d·∫°n...

You may provide a definition with
\DeclareUnicodeCharacter 

Missing character: There is no n in font nullfont!
Missing character: There is no g in font nullfont!
Missing character: There is no s in font nullfont!
Missing character: There is no u in font nullfont!

! Package inputenc Error: Unicode character ·∫• (U+1EA5)
(inputenc)                not set up for use with LaTeX.

See the inputenc package documentation for explanation.
Type  H <return>  for immediate help.
 ...                                              
                                                  
l.3 ... li√™n quan ƒë·∫øn ƒë·ªô b·ªÅn, ·ª©ng su·∫•
                                                  t v√† bi·∫øn d·∫°ng. ƒê·ªô...

You may provide a definition with
\DeclareUnicodeCharacter 

Missing character: There is no t in font nullfont!
Missing character: There is no v in font nullfont!
Missing character: There is no b in font nullfont!
Missing character: There is no i in font nullfont!

! Package inputenc Error: Unicode character ·∫ø (U+1EBF)
(inputenc)                not set up for use with LaTeX.

See the inputenc package documentation for explanation.
Type  H <return>  for immediate help.
 ...                                              
                                                  
l.3 ... ƒë·∫øn ƒë·ªô b·ªÅn, ·ª©ng su·∫•t v√† bi·∫ø
                                                  n d·∫°ng. ƒê·ªô b·ªÅn c·ªß...

You may provide a definition with
\DeclareUnicodeCharacter 

Missing character: There is no n in font nullfont!
Missing character: There is no d in font nullfont!

! Package inputenc Error: Unicode character ·∫° (U+1EA1)
(inputenc)                not set up for use with LaTeX.

See the inputenc package documentation for explanation.
Type  H <return>  for immediate help.
 ...                                              
                                                  
l.3 ...n ƒë·ªô b·ªÅn, ·ª©ng su·∫•t v√† bi·∫øn d·∫°
                                                  ng. ƒê·ªô b·ªÅn c·ªßa v·∫≠...

You may provide a definition with
\DeclareUnicodeCharacter 

Missing character: There is no n in font nullfont!
Missing character: There is no g in font nullfont!
Missing character: There is no . in font nullfont!

! LaTeX Error: Command \DJ unavailable in encoding .

See the LaTeX manual or LaTeX Companion for explanation.
Type  H <return>  for immediate help.
 ...                                              
                                                  
l.3 ...ô b·ªÅn, ·ª©ng su·∫•t v√† bi·∫øn d·∫°ng. ƒê
                                                  ·ªô b·ªÅn c·ªßa v·∫≠t li·ª...

Your command was ignored.
Type  I <command> <return>  to replace it with another command,
or  <return>  to continue without it.


! Package inputenc Error: Unicode character ·ªô (U+1ED9)
(inputenc)                not set up for use with LaTeX.

See the inputenc package documentation for explanation.
Type  H <return>  for immediate help.
 ...                                              
                                                  
l.3 ...·ªÅn, ·ª©ng su·∫•t v√† bi·∫øn d·∫°ng. ƒê·ªô
                                                   b·ªÅn c·ªßa v·∫≠t li·ªáu ...

You may provide a definition with
\DeclareUnicodeCharacter 

Missing character: There is no b in font nullfont!

! Package inputenc Error: Unicode character ·ªÅ (U+1EC1)
(inputenc)                not set up for use with LaTeX.

See the inputenc package documentation for explanation.
Type  H <return>  for immediate help.
 ...                                              
                                                  
l.3 ... ·ª©ng su·∫•t v√† bi·∫øn d·∫°ng. ƒê·ªô b·ªÅ
                                                  n c·ªßa v·∫≠t li·ªáu l√† k...

You may provide a definition with
\DeclareUnicodeCharacter 

Missing character: There is no n in font nullfont!
Missing character: There is no c in font nullfont!

! Package inputenc Error: Unicode character ·ªß (U+1EE7)
(inputenc)                not set up for use with LaTeX.

See the inputenc package documentation for explanation.
Type  H <return>  for immediate help.
 ...                                              
                                                  
l.3 ... su·∫•t v√† bi·∫øn d·∫°ng. ƒê·ªô b·ªÅn c·ªß
                                                  a v·∫≠t li·ªáu l√† kh·∫£ n...

You may provide a definition with
\DeclareUnicodeCharacter 

Missing character: There is no a in font nullfont!
Missing character: There is no v in font nullfont!

! Package inputenc Error: Unicode character ·∫≠ (U+1EAD)
(inputenc)                not set up for use with LaTeX.

See the inputenc package documentation for explanation.
Type  H <return>  for immediate help.
 ...                                              
                                                  
l.3 ...t v√† bi·∫øn d·∫°ng. ƒê·ªô b·ªÅn c·ªßa v·∫≠
                                                  t li·ªáu l√† kh·∫£ nƒÉng c...

You may provide a definition with
\DeclareUnicodeCharacter 

Missing character: There is no t in font nullfont!
Missing character: There is no l in font nullfont!
Missing character: There is no i in font nullfont!

! Package inputenc Error: Unicode character ·ªá (U+1EC7)
(inputenc)                not set up for use with LaTeX.

See the inputenc package documentation for explanation.
Type  H <return>  for immediate help.
 ...                                              
                                                  
l.3 ...i·∫øn d·∫°ng. ƒê·ªô b·ªÅn c·ªßa v·∫≠t li·ªá
                                                  u l√† kh·∫£ nƒÉng ch·ªãu ƒ...

You may provide a definition with
\DeclareUnicodeCharacter 

Missing character: There is no u in font nullfont!
Missing character: There is no l in font nullfont!
Missing character: There is no k in font nullfont!
Missing character: There is no h in font nullfont!

! Package inputenc Error: Unicode character ·∫£ (U+1EA3)
(inputenc)                not set up for use with LaTeX.

See the inputenc package documentation for explanation.
Type  H <return>  for immediate help.
 ...                                              
                                                  
l.3 ...g. ƒê·ªô b·ªÅn c·ªßa v·∫≠t li·ªáu l√† kh·∫£
                                                   nƒÉng ch·ªãu ƒë·ª±ng kh√¥...

You may provide a definition with
\DeclareUnicodeCharacter 

Missing character: There is no n in font nullfont!
Missing character: There is no n in font nullfont!
Missing character: There is no g in font nullfont!
Missing character: There is no c in font nullfont!
Missing character: There is no h in font nullfont!

! Package inputenc Error: Unicode character ·ªã (U+1ECB)
(inputenc)                not set up for use with LaTeX.

See the inputenc package documentation for explanation.
Type  H <return>  for immediate help.
 ...                                              
                                                  
l.3 ...Ån c·ªßa v·∫≠t li·ªáu l√† kh·∫£ nƒÉng ch·ªã
                                                  u ƒë·ª±ng kh√¥ng b·ªã n·ª©...

You may provide a definition with
\DeclareUnicodeCharacter 

Missing character: There is no u in font nullfont!

! LaTeX Error: Command \dj unavailable in encoding .

See the LaTeX manual or LaTeX Companion for explanation.
Type  H <return>  for immediate help.
 ...                                              
                                                  
l.3 ...·ªßa v·∫≠t li·ªáu l√† kh·∫£ nƒÉng ch·ªãu ƒë
                                                  ·ª±ng kh√¥ng b·ªã n·ª©t, g...

Your command was ignored.
Type  I <command> <return>  to replace it with another command,
or  <return>  to continue without it.


! Package inputenc Error: Unicode character ·ª± (U+1EF1)
(inputenc)                not set up for use with LaTeX.

See the inputenc package documentation for explanation.
Type  H <return>  for immediate help.
 ...                                              
                                                  
l.3 ...a v·∫≠t li·ªáu l√† kh·∫£ nƒÉng ch·ªãu ƒë·ª±
                                                  ng kh√¥ng b·ªã n·ª©t, g√£y...

You may provide a definition with
\DeclareUnicodeCharacter 

Missing character: There is no n in font nullfont!
Missing character: There is no g in font nullfont!
Missing character: There is no k in font nullfont!
Missing character: There is no h in font nullfont!
Missing character: There is no n in font nullfont!
Missing character: There is no g in font nullfont!
Missing character: There is no b in font nullfont!

! Package inputenc Error: Unicode character ·ªã (U+1ECB)
(inputenc)                not set up for use with LaTeX.

See the inputenc package documentation for explanation.
Type  H <return>  for immediate help.
 ...                                              
                                                  
l.3 ... l√† kh·∫£ nƒÉng ch·ªãu ƒë·ª±ng kh√¥ng b·ªã
                                                   n·ª©t, g√£y, ph√° h·ªßy h...

You may provide a definition with
\DeclareUnicodeCharacter 

Missing character: There is no n in font nullfont!

! Package inputenc Error: Unicode character ·ª© (U+1EE9)
(inputenc)                not set up for use with LaTeX.

See the inputenc package documentation for explanation.
Type  H <return>  for immediate help.
 ...                                              
                                                  
l.3 ...kh·∫£ nƒÉng ch·ªãu ƒë·ª±ng kh√¥ng b·ªã n·ª©
                                                  t, g√£y, ph√° h·ªßy hay bi...

You may provide a definition with
\DeclareUnicodeCharacter 

Missing character: There is no t in font nullfont!
Missing character: There is no , in font nullfont!
Missing character: There is no g in font nullfont!
Missing character: There is no y in font nullfont!
Missing character: There is no , in font nullfont!
Missing character: There is no p in font nullfont!
Missing character: There is no h in font nullfont!
Missing character: There is no h in font nullfont!

! Package inputenc Error: Unicode character ·ªß (U+1EE7)
(inputenc)                not set up for use with LaTeX.

See the inputenc package documentation for explanation.
Type  H <return>  for immediate help.
 ...                                              
                                                  
l.3 ... ƒë·ª±ng kh√¥ng b·ªã n·ª©t, g√£y, ph√° h·ªß
                                                  y hay bi·∫øn d·∫°ng d·∫ªo ...

You may provide a definition with
\DeclareUnicodeCharacter 

Missing character: There is no y in font nullfont!
Missing character: There is no h in font nullfont!
Missing character: There is no a in font nullfont!
Missing character: There is no y in font nullfont!
Missing character: There is no b in font nullfont!
Missing character: There is no i in font nullfont!

! Package inputenc Error: Unicode character ·∫ø (U+1EBF)
(inputenc)                not set up for use with LaTeX.

See the inputenc package documentation for explanation.
Type  H <return>  for immediate help.
 ...                                              
                                                  
l.3 ...√¥ng b·ªã n·ª©t, g√£y, ph√° h·ªßy hay bi·∫ø
                                                  n d·∫°ng d·∫ªo d∆∞·ªõi t√°...

You may provide a definition with
\DeclareUnicodeCharacter 

Missing character: There is no n in font nullfont!
Missing character: There is no d in font nullfont!

! Package inputenc Error: Unicode character ·∫° (U+1EA1)
(inputenc)                not set up for use with LaTeX.

See the inputenc package documentation for explanation.
Type  H <return>  for immediate help.
 ...                                              
                                                  
l.3 ...·ªã n·ª©t, g√£y, ph√° h·ªßy hay bi·∫øn d·∫°
                                                  ng d·∫ªo d∆∞·ªõi t√°c ƒë·ª...

You may provide a definition with
\DeclareUnicodeCharacter 

Missing character: There is no n in font nullfont!
Missing character: There is no g in font nullfont!
Missing character: There is no d in font nullfont!

! Package inputenc Error: Unicode character ·∫ª (U+1EBB)
(inputenc)                not set up for use with LaTeX.

See the inputenc package documentation for explanation.
Type  H <return>  for immediate help.
 ...                                              
                                                  
l.3 ...©t, g√£y, ph√° h·ªßy hay bi·∫øn d·∫°ng d·∫ª
                                                  o d∆∞·ªõi t√°c ƒë·ªông c·ª...

You may provide a definition with
\DeclareUnicodeCharacter 

Missing character: There is no o in font nullfont!
Missing character: There is no d in font nullfont!

! Package inputenc Error: Unicode character ∆∞ (U+01B0)
(inputenc)                not set up for use with LaTeX.

See the inputenc package documentation for explanation.
Type  H <return>  for immediate help.
 ...                                              
                                                  
l.3 ...√£y, ph√° h·ªßy hay bi·∫øn d·∫°ng d·∫ªo d∆∞
                                                  ·ªõi t√°c ƒë·ªông c·ªßa ng...

You may provide a definition with
\DeclareUnicodeCharacter 


! Package inputenc Error: Unicode character ·ªõ (U+1EDB)
(inputenc)                not set up for use with LaTeX.

See the inputenc package documentation for explanation.
Type  H <return>  for immediate help.
 ...                                              
                                                  
l.3 ..., ph√° h·ªßy hay bi·∫øn d·∫°ng d·∫ªo d∆∞·ªõ
                                                  i t√°c ƒë·ªông c·ªßa ngo·∫...

You may provide a definition with
\DeclareUnicodeCharacter 

Missing character: There is no i in font nullfont!
Missing character: There is no t in font nullfont!
Missing character: There is no c in font nullfont!

! LaTeX Error: Command \dj unavailable in encoding .

See the LaTeX manual or LaTeX Companion for explanation.
Type  H <return>  for immediate help.
 ...                                              
                                                  
l.3 ...ªßy hay bi·∫øn d·∫°ng d·∫ªo d∆∞·ªõi t√°c ƒë
                                                  ·ªông c·ªßa ngo·∫°i l·ª±c ...

Your command was ignored.
Type  I <command> <return>  to replace it with another command,
or  <return>  to continue without it.


! Package inputenc Error: Unicode character ·ªô (U+1ED9)
(inputenc)                not set up for use with LaTeX.

See the inputenc package documentation for explanation.
Type  H <return>  for immediate help.
 ...                                              
                                                  
l.3 ... hay bi·∫øn d·∫°ng d·∫ªo d∆∞·ªõi t√°c ƒë·ªô
                                                  ng c·ªßa ngo·∫°i l·ª±c b√™...

You may provide a definition with
\DeclareUnicodeCharacter 

Missing character: There is no n in font nullfont!
Missing character: There is no g in font nullfont!
Missing character: There is no c in font nullfont!

! Package inputenc Error: Unicode character ·ªß (U+1EE7)
(inputenc)                not set up for use with LaTeX.

See the inputenc package documentation for explanation.
Type  H <return>  for immediate help.
 ...                                              
                                                  
l.3 ...·∫øn d·∫°ng d·∫ªo d∆∞·ªõi t√°c ƒë·ªông c·ªß
                                                  a ngo·∫°i l·ª±c b√™n ngo√†...

You may provide a definition with
\DeclareUnicodeCharacter 

Missing character: There is no a in font nullfont!
Missing character: There is no n in font nullfont!
Missing character: There is no g in font nullfont!
Missing character: There is no o in font nullfont!

! Package inputenc Error: Unicode character ·∫° (U+1EA1)
(inputenc)                not set up for use with LaTeX.

See the inputenc package documentation for explanation.
Type  H <return>  for immediate help.
 ...                                              
                                                  
l.3 ...°ng d·∫ªo d∆∞·ªõi t√°c ƒë·ªông c·ªßa ngo·∫°
                                                  i l·ª±c b√™n ngo√†i. T√πy ...

You may provide a definition with
\DeclareUnicodeCharacter 

Missing character: There is no i in font nullfont!
Missing character: There is no l in font nullfont!

! Package inputenc Error: Unicode character ·ª± (U+1EF1)
(inputenc)                not set up for use with LaTeX.

See the inputenc package documentation for explanation.
Type  H <return>  for immediate help.
 ...                                              
                                                  
l.3 ...∫ªo d∆∞·ªõi t√°c ƒë·ªông c·ªßa ngo·∫°i l·ª±
                                                  c b√™n ngo√†i. T√πy theo c...

You may provide a definition with
\DeclareUnicodeCharacter 

Missing character: There is no c in font nullfont!
Missing character: There is no b in font nullfont!
Missing character: There is no n in font nullfont!
Missing character: There is no n in font nullfont!
Missing character: There is no g in font nullfont!
Missing character: There is no o in font nullfont!
Missing character: There is no i in font nullfont!
Missing character: There is no . in font nullfont!
Missing character: There is no T in font nullfont!
Missing character: There is no y in font nullfont!
Missing character: There is no t in font nullfont!
Missing character: There is no h in font nullfont!
Missing character: There is no e in font nullfont!
Missing character: There is no o in font nullfont!
Missing character: There is no c in font nullfont!
Missing character: There is no c in font nullfont!
Missing character: There is no n in font nullfont!
Missing character: There is no g in font nullfont!
Missing character: There is no o in font nullfont!

! Package inputenc Error: Unicode character ·∫° (U+1EA1)
(inputenc)                not set up for use with LaTeX.

See the inputenc package documentation for explanation.
Type  H <return>  for immediate help.
 ...                                              
                                                  
l.3 ...°i l·ª±c b√™n ngo√†i. T√πy theo c√°c ngo·∫°
                                                  i l·ª±c kh√°c nhau m√† ƒë·...

You may provide a definition with
\DeclareUnicodeCharacter 

Missing character: There is no i in font nullfont!
Missing character: There is no l in font nullfont!

! Package inputenc Error: Unicode character ·ª± (U+1EF1)
(inputenc)                not set up for use with LaTeX.

See the inputenc package documentation for explanation.
Type  H <return>  for immediate help.
 ...                                              
                                                  
l.3 ...±c b√™n ngo√†i. T√πy theo c√°c ngo·∫°i l·ª±
                                                  c kh√°c nhau m√† ƒë·∫∑c t√...

You may provide a definition with
\DeclareUnicodeCharacter 

Missing character: There is no c in font nullfont!
Missing character: There is no k in font nullfont!
Missing character: There is no h in font nullfont!
Missing character: There is no c in font nullfont!
Missing character: There is no n in font nullfont!
Missing character: There is no h in font nullfont!
Missing character: There is no a in font nullfont!
Missing character: There is no u in font nullfont!
Missing character: There is no m in font nullfont!

! LaTeX Error: Command \dj unavailable in encoding .

See the LaTeX manual or LaTeX Companion for explanation.
Type  H <return>  for immediate help.
 ...                                              
                                                  
l.3 ...y theo c√°c ngo·∫°i l·ª±c kh√°c nhau m√† ƒë
                                                  ·∫∑c t√≠nh v·ªÅ ƒë·ªô b·ªÅ...

Your command was ignored.
Type  I <command> <return>  to replace it with another command,
or  <return>  to continue without it.


! Package inputenc Error: Unicode character ·∫∑ (U+1EB7)
(inputenc)                not set up for use with LaTeX.

See the inputenc package documentation for explanation.
Type  H <return>  for immediate help.
 ...                                              
                                                  
l.3 ...heo c√°c ngo·∫°i l·ª±c kh√°c nhau m√† ƒë·∫∑
                                                  c t√≠nh v·ªÅ ƒë·ªô b·ªÅn c...

You may provide a definition with
\DeclareUnicodeCharacter 

Missing character: There is no c in font nullfont!
Missing character: There is no t in font nullfont!
Missing character: There is no n in font nullfont!
Missing character: There is no h in font nullfont!
Missing character: There is no v in font nullfont!

! Package inputenc Error: Unicode character ·ªÅ (U+1EC1)
(inputenc)                not set up for use with LaTeX.

See the inputenc package documentation for explanation.
Type  H <return>  for immediate help.
 ...                                              
                                                  
l.3 ...·∫°i l·ª±c kh√°c nhau m√† ƒë·∫∑c t√≠nh v·ªÅ
                                                   ƒë·ªô b·ªÅn c·ªßa v·∫≠t l...

You may provide a definition with
\DeclareUnicodeCharacter 


! LaTeX Error: Command \dj unavailable in encoding .

See the LaTeX manual or LaTeX Companion for explanation.
Type  H <return>  for immediate help.
 ...                                              
                                                  
l.3 ...i l·ª±c kh√°c nhau m√† ƒë·∫∑c t√≠nh v·ªÅ ƒë
                                                  ·ªô b·ªÅn c·ªßa v·∫≠t li·ª...

Your command was ignored.
Type  I <command> <return>  to replace it with another command,
or  <return>  to continue without it.


! Package inputenc Error: Unicode character ·ªô (U+1ED9)
(inputenc)                not set up for use with LaTeX.

See the inputenc package documentation for explanation.
Type  H <return>  for immediate help.
 ...                                              
                                                  
l.3 ...·ª±c kh√°c nhau m√† ƒë·∫∑c t√≠nh v·ªÅ ƒë·ªô
                                                   b·ªÅn c·ªßa v·∫≠t li·ªáu ...

You may provide a definition with
\DeclareUnicodeCharacter 

Missing character: There is no b in font nullfont!

! Package inputenc Error: Unicode character ·ªÅ (U+1EC1)
(inputenc)                not set up for use with LaTeX.

See the inputenc package documentation for explanation.
Type  H <return>  for immediate help.
 ...                                              
                                                  
l.3 ...kh√°c nhau m√† ƒë·∫∑c t√≠nh v·ªÅ ƒë·ªô b·ªÅ
                                                  n c·ªßa v·∫≠t li·ªáu c≈©ng...

You may provide a definition with
\DeclareUnicodeCharacter 

Missing character: There is no n in font nullfont!
Missing character: There is no c in font nullfont!

! Package inputenc Error: Unicode character ·ªß (U+1EE7)
(inputenc)                not set up for use with LaTeX.

See the inputenc package documentation for explanation.
Type  H <return>  for immediate help.
 ...                                              
                                                  
l.3 ...nhau m√† ƒë·∫∑c t√≠nh v·ªÅ ƒë·ªô b·ªÅn c·ªß
                                                  a v·∫≠t li·ªáu c≈©ng kh√°c...

You may provide a definition with
\DeclareUnicodeCharacter 

Missing character: There is no a in font nullfont!
Missing character: There is no v in font nullfont!

! Package inputenc Error: Unicode character ·∫≠ (U+1EAD)
(inputenc)                not set up for use with LaTeX.

See the inputenc package documentation for explanation.
Type  H <return>  for immediate help.
 ...                                              
                                                  
l.3 ...√† ƒë·∫∑c t√≠nh v·ªÅ ƒë·ªô b·ªÅn c·ªßa v·∫≠
                                                  t li·ªáu c≈©ng kh√°c nhau:...

You may provide a definition with
\DeclareUnicodeCharacter 

Missing character: There is no t in font nullfont!
Missing character: There is no l in font nullfont!
Missing character: There is no i in font nullfont!

! Package inputenc Error: Unicode character ·ªá (U+1EC7)
(inputenc)                not set up for use with LaTeX.

See the inputenc package documentation for explanation.
Type  H <return>  for immediate help.
 ...                                              
                                                  
l.3 ...∑c t√≠nh v·ªÅ ƒë·ªô b·ªÅn c·ªßa v·∫≠t li·ªá
                                                  u c≈©ng kh√°c nhau: ƒë·ªô ...

You may provide a definition with
\DeclareUnicodeCharacter 

Missing character: There is no u in font nullfont!
Missing character: There is no c in font nullfont!
Missing character: There is no n in font nullfont!
Missing character: There is no g in font nullfont!
Missing character: There is no k in font nullfont!
Missing character: There is no h in font nullfont!
Missing character: There is no c in font nullfont!
Missing character: There is no n in font nullfont!
Missing character: There is no h in font nullfont!
Missing character: There is no a in font nullfont!
Missing character: There is no u in font nullfont!
Missing character: There is no : in font nullfont!

! LaTeX Error: Command \dj unavailable in encoding .

See the LaTeX manual or LaTeX Companion for explanation.
Type  H <return>  for immediate help.
 ...                                              
                                                  
l.3 ...ªÅn c·ªßa v·∫≠t li·ªáu c≈©ng kh√°c nhau: ƒë
                                                  ·ªô k√©o, ƒë·ªô b·ªÅn n√©n...

Your command was ignored.
Type  I <command> <return>  to replace it with another command,
or  <return>  to continue without it.


! Package inputenc Error: Unicode character ·ªô (U+1ED9)
(inputenc)                not set up for use with LaTeX.

See the inputenc package documentation for explanation.
Type  H <return>  for immediate help.
 ...                                              
                                                  
l.3 ... c·ªßa v·∫≠t li·ªáu c≈©ng kh√°c nhau: ƒë·ªô
                                                   k√©o, ƒë·ªô b·ªÅn n√©n, ƒ...

You may provide a definition with
\DeclareUnicodeCharacter 

Missing character: There is no k in font nullfont!
Missing character: There is no o in font nullfont!
Missing character: There is no , in font nullfont!

! LaTeX Error: Command \dj unavailable in encoding .

See the LaTeX manual or LaTeX Companion for explanation.
Type  H <return>  for immediate help.
 ...                                              
                                                  
l.3 ...∫≠t li·ªáu c≈©ng kh√°c nhau: ƒë·ªô k√©o, ƒë
                                                  ·ªô b·ªÅn n√©n, ƒë·ªô b·ªÅ...

Your command was ignored.
Type  I <command> <return>  to replace it with another command,
or  <return>  to continue without it.


! Package inputenc Error: Unicode character ·ªô (U+1ED9)
(inputenc)                not set up for use with LaTeX.

See the inputenc package documentation for explanation.
Type  H <return>  for immediate help.
 ...                                              
                                                  
l.3 ... li·ªáu c≈©ng kh√°c nhau: ƒë·ªô k√©o, ƒë·ªô
                                                   b·ªÅn n√©n, ƒë·ªô b·ªÅn c...

You may provide a definition with
\DeclareUnicodeCharacter 

Missing character: There is no b in font nullfont!

! Package inputenc Error: Unicode character ·ªÅ (U+1EC1)
(inputenc)                not set up for use with LaTeX.

See the inputenc package documentation for explanation.
Type  H <return>  for immediate help.
 ...                                              
                                                  
l.3 ...áu c≈©ng kh√°c nhau: ƒë·ªô k√©o, ƒë·ªô b·ªÅ
                                                  n n√©n, ƒë·ªô b·ªÅn c·∫Øt,...

You may provide a definition with
\DeclareUnicodeCharacter 

Missing character: There is no n in font nullfont!
Missing character: There is no n in font nullfont!
Missing character: There is no n in font nullfont!
Missing character: There is no , in font nullfont!

! LaTeX Error: Command \dj unavailable in encoding .

See the LaTeX manual or LaTeX Companion for explanation.
Type  H <return>  for immediate help.
 ...                                              
                                                  
l.3 ...h√°c nhau: ƒë·ªô k√©o, ƒë·ªô b·ªÅn n√©n, ƒë
                                                  ·ªô b·ªÅn c·∫Øt, ƒë·ªô b·ª...

Your command was ignored.
Type  I <command> <return>  to replace it with another command,
or  <return>  to continue without it.


! Package inputenc Error: Unicode character ·ªô (U+1ED9)
(inputenc)                not set up for use with LaTeX.

See the inputenc package documentation for explanation.
Type  H <return>  for immediate help.
 ...                                              
                                                  
l.3 ...c nhau: ƒë·ªô k√©o, ƒë·ªô b·ªÅn n√©n, ƒë·ªô
                                                   b·ªÅn c·∫Øt, ƒë·ªô b·ªÅn ...

You may provide a definition with
\DeclareUnicodeCharacter 

Missing character: There is no b in font nullfont!

! Package inputenc Error: Unicode character ·ªÅ (U+1EC1)
(inputenc)                not set up for use with LaTeX.

See the inputenc package documentation for explanation.
Type  H <return>  for immediate help.
 ...                                              
                                                  
l.3 ...u: ƒë·ªô k√©o, ƒë·ªô b·ªÅn n√©n, ƒë·ªô b·ªÅ
                                                  n c·∫Øt, ƒë·ªô b·ªÅn u·ªën...

You may provide a definition with
\DeclareUnicodeCharacter 

Missing character: There is no n in font nullfont!
Missing character: There is no c in font nullfont!

! Package inputenc Error: Unicode character ·∫Ø (U+1EAF)
(inputenc)                not set up for use with LaTeX.

See the inputenc package documentation for explanation.
Type  H <return>  for immediate help.
 ...                                              
                                                  
l.3 ...ªô k√©o, ƒë·ªô b·ªÅn n√©n, ƒë·ªô b·ªÅn c·∫Ø
                                                  t, ƒë·ªô b·ªÅn u·ªën, ƒë·ª...

You may provide a definition with
\DeclareUnicodeCharacter 

Missing character: There is no t in font nullfont!
Missing character: There is no , in font nullfont!

! LaTeX Error: Command \dj unavailable in encoding .

See the LaTeX manual or LaTeX Companion for explanation.
Type  H <return>  for immediate help.
 ...                                              
                                                  
l.3 ...©o, ƒë·ªô b·ªÅn n√©n, ƒë·ªô b·ªÅn c·∫Øt, ƒë
                                                  ·ªô b·ªÅn u·ªën, ƒë·ªô b·ª...

Your command was ignored.
Type  I <command> <return>  to replace it with another command,
or  <return>  to continue without it.


! Package inputenc Error: Unicode character ·ªô (U+1ED9)
(inputenc)                not set up for use with LaTeX.

See the inputenc package documentation for explanation.
Type  H <return>  for immediate help.
 ...                                              
                                                  
l.3 ... ƒë·ªô b·ªÅn n√©n, ƒë·ªô b·ªÅn c·∫Øt, ƒë·ªô
                                                   b·ªÅn u·ªën, ƒë·ªô b·ªÅn ...

You may provide a definition with
\DeclareUnicodeCharacter 

Missing character: There is no b in font nullfont!

! Package inputenc Error: Unicode character ·ªÅ (U+1EC1)
(inputenc)                not set up for use with LaTeX.

See the inputenc package documentation for explanation.
Type  H <return>  for immediate help.
 ...                                              
                                                  
l.3 ...ô b·ªÅn n√©n, ƒë·ªô b·ªÅn c·∫Øt, ƒë·ªô b·ªÅ
                                                  n u·ªën, ƒë·ªô b·ªÅn m·ªèi...

You may provide a definition with
\DeclareUnicodeCharacter 

Missing character: There is no n in font nullfont!
Missing character: There is no u in font nullfont!

! Package inputenc Error: Unicode character ·ªë (U+1ED1)
(inputenc)                not set up for use with LaTeX.

See the inputenc package documentation for explanation.
Type  H <return>  for immediate help.
 ...                                              
                                                  
l.3 ...n n√©n, ƒë·ªô b·ªÅn c·∫Øt, ƒë·ªô b·ªÅn u·ªë
                                                  n, ƒë·ªô b·ªÅn m·ªèi, ƒë·ª...

You may provide a definition with
\DeclareUnicodeCharacter 

Missing character: There is no n in font nullfont!
Missing character: There is no , in font nullfont!

! LaTeX Error: Command \dj unavailable in encoding .

See the LaTeX manual or LaTeX Companion for explanation.
Type  H <return>  for immediate help.
 ...                                              
                                                  
l.3 ...n, ƒë·ªô b·ªÅn c·∫Øt, ƒë·ªô b·ªÅn u·ªën, ƒë
                                                  ·ªô b·ªÅn m·ªèi, ƒë·ªô b·ª...

Your command was ignored.
Type  I <command> <return>  to replace it with another command,
or  <return>  to continue without it.


! Package inputenc Error: Unicode character ·ªô (U+1ED9)
(inputenc)                not set up for use with LaTeX.

See the inputenc package documentation for explanation.
Type  H <return>  for immediate help.
 ...                                              
                                                  
l.3 ...ƒë·ªô b·ªÅn c·∫Øt, ƒë·ªô b·ªÅn u·ªën, ƒë·ªô
                                                   b·ªÅn m·ªèi, ƒë·ªô b·ªÅn ...

You may provide a definition with
\DeclareUnicodeCharacter 

Missing character: There is no b in font nullfont!

! Package inputenc Error: Unicode character ·ªÅ (U+1EC1)
(inputenc)                not set up for use with LaTeX.

See the inputenc package documentation for explanation.
Type  H <return>  for immediate help.
 ...                                              
                                                  
l.3 ... b·ªÅn c·∫Øt, ƒë·ªô b·ªÅn u·ªën, ƒë·ªô b·ªÅ
                                                  n m·ªèi, ƒë·ªô b·ªÅn va ƒë...

You may provide a definition with
\DeclareUnicodeCharacter 

Missing character: There is no n in font nullfont!
Missing character: There is no m in font nullfont!

! Package inputenc Error: Unicode character ·ªè (U+1ECF)
(inputenc)                not set up for use with LaTeX.

See the inputenc package documentation for explanation.
Type  H <return>  for immediate help.
 ...                                              
                                                  
l.3 ... c·∫Øt, ƒë·ªô b·ªÅn u·ªën, ƒë·ªô b·ªÅn m·ªè
                                                  i, ƒë·ªô b·ªÅn va ƒë·∫≠p, ...

You may provide a definition with
\DeclareUnicodeCharacter 

Missing character: There is no i in font nullfont!
Missing character: There is no , in font nullfont!

! LaTeX Error: Command \dj unavailable in encoding .

See the LaTeX manual or LaTeX Companion for explanation.
Type  H <return>  for immediate help.
 ...                                              
                                                  
l.3 ...t, ƒë·ªô b·ªÅn u·ªën, ƒë·ªô b·ªÅn m·ªèi, ƒë
                                                  ·ªô b·ªÅn va ƒë·∫≠p, gi·ªõ...

Your command was ignored.
Type  I <command> <return>  to replace it with another command,
or  <return>  to continue without it.


! Package inputenc Error: Unicode character ·ªô (U+1ED9)
(inputenc)                not set up for use with LaTeX.

See the inputenc package documentation for explanation.
Type  H <return>  for immediate help.
 ...                                              
                                                  
l.3 ...ƒë·ªô b·ªÅn u·ªën, ƒë·ªô b·ªÅn m·ªèi, ƒë·ªô
                                                   b·ªÅn va ƒë·∫≠p, gi·ªõi h...

You may provide a definition with
\DeclareUnicodeCharacter 

Missing character: There is no b in font nullfont!

! Package inputenc Error: Unicode character ·ªÅ (U+1EC1)
(inputenc)                not set up for use with LaTeX.

See the inputenc package documentation for explanation.
Type  H <return>  for immediate help.
 ...                                              
                                                  
l.3 ... b·ªÅn u·ªën, ƒë·ªô b·ªÅn m·ªèi, ƒë·ªô b·ªÅ
                                                  n va ƒë·∫≠p, gi·ªõi h·∫°n ...

You may provide a definition with
\DeclareUnicodeCharacter 

Missing character: There is no n in font nullfont!
Missing character: There is no v in font nullfont!
Missing character: There is no a in font nullfont!

! LaTeX Error: Command \dj unavailable in encoding .

See the LaTeX manual or LaTeX Companion for explanation.
Type  H <return>  for immediate help.
 ...                                              
                                                  
l.3 ...u·ªën, ƒë·ªô b·ªÅn m·ªèi, ƒë·ªô b·ªÅn va ƒë
                                                  ·∫≠p, gi·ªõi h·∫°n ch·∫£y....

Your command was ignored.
Type  I <command> <return>  to replace it with another command,
or  <return>  to continue without it.


! Package inputenc Error: Unicode character ·∫≠ (U+1EAD)
(inputenc)                not set up for use with LaTeX.

See the inputenc package documentation for explanation.
Type  H <return>  for immediate help.
 ...                                              
                                                  
l.3 ...ën, ƒë·ªô b·ªÅn m·ªèi, ƒë·ªô b·ªÅn va ƒë·∫≠
                                                  p, gi·ªõi h·∫°n ch·∫£y...\\
You may provide a definition with
\DeclareUnicodeCharacter 

Missing character: There is no p in font nullfont!
Missing character: There is no , in font nullfont!
Missing character: There is no g in font nullfont!
Missing character: There is no i in font nullfont!

! Package inputenc Error: Unicode character ·ªõ (U+1EDB)
(inputenc)                not set up for use with LaTeX.

See the inputenc package documentation for explanation.
Type  H <return>  for immediate help.
 ...                                              
                                                  
l.3 ...ô b·ªÅn m·ªèi, ƒë·ªô b·ªÅn va ƒë·∫≠p, gi·ªõ
                                                  i h·∫°n ch·∫£y...\\
You may provide a definition with
\DeclareUnicodeCharacter 

Missing character: There is no i in font nullfont!
Missing character: There is no h in font nullfont!

! Package inputenc Error: Unicode character ·∫° (U+1EA1)
(inputenc)                not set up for use with LaTeX.

See the inputenc package documentation for explanation.
Type  H <return>  for immediate help.
 ...                                              
                                                  
l.3 ...n m·ªèi, ƒë·ªô b·ªÅn va ƒë·∫≠p, gi·ªõi h·∫°
                                                  n ch·∫£y...\\
You may provide a definition with
\DeclareUnicodeCharacter 

Missing character: There is no n in font nullfont!
Missing character: There is no c in font nullfont!
Missing character: There is no h in font nullfont!

! Package inputenc Error: Unicode character ·∫£ (U+1EA3)
(inputenc)                not set up for use with LaTeX.

See the inputenc package documentation for explanation.
Type  H <return>  for immediate help.
 ...                                              
                                                  
l.3 ..., ƒë·ªô b·ªÅn va ƒë·∫≠p, gi·ªõi h·∫°n ch·∫£
                                                  y...\\
You may provide a definition with
\DeclareUnicodeCharacter 

Missing character: There is no y in font nullfont!
Missing character: There is no . in font nullfont!
Missing character: There is no . in font nullfont!
Missing character: There is no . in font nullfont!
Missing character: There is no P in font nullfont!
Missing character: There is no h in font nullfont!

! Package inputenc Error: Unicode character ∆∞ (U+01B0)
(inputenc)                not set up for use with LaTeX.

See the inputenc package documentation for explanation.
Type  H <return>  for immediate help.
 ...                                              
                                                  
l.4 Ph∆∞
        ∆°ng ph√°p ph·∫ßn t·ª≠ h·ªØu h·∫°n gi·∫£i b√†i to√°n ƒë√†n h·ªìi b·∫...

You may provide a definition with
\DeclareUnicodeCharacter 


! Package inputenc Error: Unicode character ∆° (U+01A1)
(inputenc)                not set up for use with LaTeX.

See the inputenc package documentation for explanation.
Type  H <return>  for immediate help.
 ...                                              
                                                  
l.4 Ph∆∞∆°
          ng ph√°p ph·∫ßn t·ª≠ h·ªØu h·∫°n gi·∫£i b√†i to√°n ƒë√†n h·ªìi b·∫...
(That makes 100 errors; please try again.) 
Here is how much of TeX's memory you used:
 53 strings out of 492902
 670 string characters out of 3122405
 58581 words of memory out of 3000000
 4060 multiletter control sequences out of 15000+200000
 3640 words of font info for 14 fonts, out of 3000000 for 9000
 1141 hyphenation exceptions out of 8191
 16i,1n,16p,802b,102s stack positions out of 5000i,500n,10000p,200000b,50000s

!  ==> Fatal error occurred, no output PDF file produced!
